<?xml version="1.0" encoding="UTF-8"?>
<testsuite name="com.smartelligynt.api.HelloWorldConfigurationTests" time="5.326" tests="5" errors="0" skipped="0" failures="1">
  <properties>
[...]
</properties>
  <testcase name="testUser" classname="com.smartelligynt.api.HelloWorldConfigurationTests" time="5.131"/>
  <testcase name="testGreeting" classname="com.smartelligynt.api.HelloWorldConfigurationTests" time="0.003"/>
  <testcase name="testDevice2" classname="com.smartelligynt.api.HelloWorldConfigurationTests" time="0.089"/>
  <testcase name="testDevice" classname="com.smartelligynt.api.HelloWorldConfigurationTests" time="0.073"/>
  <testcase name="testEvents" classname="com.smartelligynt.api.HelloWorldConfigurationTests" time="0.03">
    <failure message="expected:&lt;200&gt; but was:&lt;404&gt;" type="java.lang.AssertionError"><![CDATA[java.lang.AssertionError: expected:<200> but was:<404>
	at org.junit.Assert.fail(Assert.java:88)
	at org.junit.Assert.failNotEquals(Assert.java:834)
	at org.junit.Assert.assertEquals(Assert.java:118)
	at org.junit.Assert.assertEquals(Assert.java:144)
	at com.smartelligynt.api.HelloWorldConfigurationTests.testEvents(HelloWorldConfigurationTests.java:69)
]]></failure>
    <system-out><![CDATA[event saved {"timestamp":1497834363930,"status":404,"error":"Not Found","message":"No message available","path":"/api/aa7c1b06-b243-4f6a-9820-f2e0c12be170/events/"}
]]></system-out>
  </testcase>
</testsuite>